[2025-09-16T00:15:18.320+0000] {manager.py:470} INFO - Processing files using up to 2 processes at a time 
[2025-09-16T00:15:18.322+0000] {manager.py:471} INFO - Process each file at most once every 30 seconds
[2025-09-16T00:15:18.323+0000] {manager.py:472} INFO - Checking for new files in /opt/airflow/dags every 300 seconds
[2025-09-16T00:15:18.324+0000] {manager.py:737} INFO - Searching for files in /opt/airflow/dags
[2025-09-16T00:15:18.332+0000] {manager.py:740} INFO - There are 1 files in /opt/airflow/dags
[2025-09-16T00:15:18.668+0000] {manager.py:878} INFO - 
================================================================================
DAG File Processing Stats

File Path                                        PID  Runtime      # DAGs    # Errors  Last Runtime    Last Run
---------------------------------------------  -----  ---------  --------  ----------  --------------  ----------
/opt/airflow/dags/aggregation_pipeline_dag.py    166  0.21s             0           0
================================================================================
[2025-09-16T00:15:48.861+0000] {manager.py:878} INFO - 
================================================================================
DAG File Processing Stats

File Path                                        PID  Runtime      # DAGs    # Errors  Last Runtime    Last Run
---------------------------------------------  -----  ---------  --------  ----------  --------------  -------------------
/opt/airflow/dags/aggregation_pipeline_dag.py    172  0.00s             0           1  0.29s           2025-09-16T00:15:18
================================================================================
[2025-09-16T00:16:19.105+0000] {manager.py:878} INFO - 
================================================================================
DAG File Processing Stats

File Path                                        PID  Runtime      # DAGs    # Errors  Last Runtime    Last Run
---------------------------------------------  -----  ---------  --------  ----------  --------------  -------------------
/opt/airflow/dags/aggregation_pipeline_dag.py    177  0.00s             0           1  0.15s           2025-09-16T00:15:49
================================================================================
[2025-09-16T00:16:49.371+0000] {manager.py:878} INFO - 
================================================================================
DAG File Processing Stats

File Path                                        PID  Runtime      # DAGs    # Errors  Last Runtime    Last Run
---------------------------------------------  -----  ---------  --------  ----------  --------------  -------------------
/opt/airflow/dags/aggregation_pipeline_dag.py    188  0.00s             0           1  0.16s           2025-09-16T00:16:19
================================================================================
[2025-09-16T00:16:54.070+0000] {manager.py:452} INFO - Exiting gracefully upon receiving signal 15
[2025-09-16T00:17:14.297+0000] {manager.py:470} INFO - Processing files using up to 2 processes at a time 
[2025-09-16T00:17:14.299+0000] {manager.py:471} INFO - Process each file at most once every 30 seconds
[2025-09-16T00:17:14.300+0000] {manager.py:472} INFO - Checking for new files in /opt/airflow/dags every 300 seconds
[2025-09-16T00:17:14.301+0000] {manager.py:737} INFO - Searching for files in /opt/airflow/dags
[2025-09-16T00:17:14.312+0000] {manager.py:740} INFO - There are 1 files in /opt/airflow/dags
[2025-09-16T00:17:14.453+0000] {manager.py:878} INFO - 
================================================================================
DAG File Processing Stats

File Path                                        PID  Runtime      # DAGs    # Errors  Last Runtime    Last Run
---------------------------------------------  -----  ---------  --------  ----------  --------------  ----------
/opt/airflow/dags/aggregation_pipeline_dag.py    167  0.07s             0           0
================================================================================
[2025-09-16T00:17:44.656+0000] {manager.py:878} INFO - 
================================================================================
DAG File Processing Stats

File Path                                        PID  Runtime      # DAGs    # Errors  Last Runtime    Last Run
---------------------------------------------  -----  ---------  --------  ----------  --------------  -------------------
/opt/airflow/dags/aggregation_pipeline_dag.py    173  0.00s             0           1  0.12s           2025-09-16T00:17:14
================================================================================
[2025-09-16T00:18:14.860+0000] {manager.py:878} INFO - 
================================================================================
DAG File Processing Stats

File Path                                        PID  Runtime      # DAGs    # Errors  Last Runtime    Last Run
---------------------------------------------  -----  ---------  --------  ----------  --------------  -------------------
/opt/airflow/dags/aggregation_pipeline_dag.py    178  0.00s             0           1  0.08s           2025-09-16T00:17:44
================================================================================
[2025-09-16T00:18:45.109+0000] {manager.py:878} INFO - 
================================================================================
DAG File Processing Stats

File Path                                        PID  Runtime      # DAGs    # Errors  Last Runtime    Last Run
---------------------------------------------  -----  ---------  --------  ----------  --------------  -------------------
/opt/airflow/dags/aggregation_pipeline_dag.py    183  0.01s             0           1  0.07s           2025-09-16T00:18:14
================================================================================
[2025-09-16T00:19:15.317+0000] {manager.py:878} INFO - 
================================================================================
DAG File Processing Stats

File Path                                        PID  Runtime      # DAGs    # Errors  Last Runtime    Last Run
---------------------------------------------  -----  ---------  --------  ----------  --------------  -------------------
/opt/airflow/dags/aggregation_pipeline_dag.py    188  0.00s             0           1  0.16s           2025-09-16T00:18:45
================================================================================
[2025-09-16T00:19:45.539+0000] {manager.py:878} INFO - 
================================================================================
DAG File Processing Stats

File Path                                        PID  Runtime      # DAGs    # Errors  Last Runtime    Last Run
---------------------------------------------  -----  ---------  --------  ----------  --------------  -------------------
/opt/airflow/dags/aggregation_pipeline_dag.py    193  0.00s             0           1  0.09s           2025-09-16T00:19:15
================================================================================
[2025-09-16T00:20:15.817+0000] {manager.py:878} INFO - 
================================================================================
DAG File Processing Stats

File Path                                        PID  Runtime      # DAGs    # Errors  Last Runtime    Last Run
---------------------------------------------  -----  ---------  --------  ----------  --------------  -------------------
/opt/airflow/dags/aggregation_pipeline_dag.py    198  0.00s             0           1  0.08s           2025-09-16T00:19:45
================================================================================
[2025-09-16T00:20:46.021+0000] {manager.py:878} INFO - 
================================================================================
DAG File Processing Stats

File Path                                        PID  Runtime      # DAGs    # Errors  Last Runtime    Last Run
---------------------------------------------  -----  ---------  --------  ----------  --------------  -------------------
/opt/airflow/dags/aggregation_pipeline_dag.py    203  0.01s             0           1  0.08s           2025-09-16T00:20:15
================================================================================
[2025-09-16T00:21:16.256+0000] {manager.py:878} INFO - 
================================================================================
DAG File Processing Stats

File Path                                        PID  Runtime      # DAGs    # Errors  Last Runtime    Last Run
---------------------------------------------  -----  ---------  --------  ----------  --------------  -------------------
/opt/airflow/dags/aggregation_pipeline_dag.py    208  0.00s             0           1  0.09s           2025-09-16T00:20:46
================================================================================
[2025-09-16T00:21:46.459+0000] {manager.py:878} INFO - 
================================================================================
DAG File Processing Stats

File Path                                        PID  Runtime      # DAGs    # Errors  Last Runtime    Last Run
---------------------------------------------  -----  ---------  --------  ----------  --------------  -------------------
/opt/airflow/dags/aggregation_pipeline_dag.py    213  0.00s             0           1  0.07s           2025-09-16T00:21:16
================================================================================
[2025-09-16T00:22:14.652+0000] {manager.py:737} INFO - Searching for files in /opt/airflow/dags
[2025-09-16T00:22:14.660+0000] {manager.py:740} INFO - There are 1 files in /opt/airflow/dags
[2025-09-16T00:22:16.696+0000] {manager.py:878} INFO - 
================================================================================
DAG File Processing Stats

File Path                                        PID  Runtime      # DAGs    # Errors  Last Runtime    Last Run
---------------------------------------------  -----  ---------  --------  ----------  --------------  -------------------
/opt/airflow/dags/aggregation_pipeline_dag.py    218  0.00s             0           1  0.07s           2025-09-16T00:21:46
================================================================================
[2025-09-16T00:22:46.918+0000] {manager.py:878} INFO - 
================================================================================
DAG File Processing Stats

File Path                                        PID  Runtime      # DAGs    # Errors  Last Runtime    Last Run
---------------------------------------------  -----  ---------  --------  ----------  --------------  -------------------
/opt/airflow/dags/aggregation_pipeline_dag.py    223  0.01s             0           1  0.07s           2025-09-16T00:22:16
================================================================================
[2025-09-16T00:23:17.108+0000] {manager.py:878} INFO - 
================================================================================
DAG File Processing Stats

File Path                                        PID  Runtime      # DAGs    # Errors  Last Runtime    Last Run
---------------------------------------------  -----  ---------  --------  ----------  --------------  -------------------
/opt/airflow/dags/aggregation_pipeline_dag.py    228  0.00s             0           1  0.09s           2025-09-16T00:22:47
================================================================================
[2025-09-16T00:23:47.368+0000] {manager.py:878} INFO - 
================================================================================
DAG File Processing Stats

File Path                                        PID  Runtime      # DAGs    # Errors  Last Runtime    Last Run
---------------------------------------------  -----  ---------  --------  ----------  --------------  -------------------
/opt/airflow/dags/aggregation_pipeline_dag.py    239  0.01s             0           1  0.08s           2025-09-16T00:23:17
================================================================================
[2025-09-16T00:24:17.636+0000] {manager.py:878} INFO - 
================================================================================
DAG File Processing Stats

File Path                                        PID  Runtime      # DAGs    # Errors  Last Runtime    Last Run
---------------------------------------------  -----  ---------  --------  ----------  --------------  -------------------
/opt/airflow/dags/aggregation_pipeline_dag.py    244  0.03s             0           1  0.08s           2025-09-16T00:23:47
================================================================================
[2025-09-16T00:24:47.935+0000] {manager.py:878} INFO - 
================================================================================
DAG File Processing Stats

File Path                                        PID  Runtime      # DAGs    # Errors  Last Runtime    Last Run
---------------------------------------------  -----  ---------  --------  ----------  --------------  -------------------
/opt/airflow/dags/aggregation_pipeline_dag.py    249  0.01s             0           1  0.32s           2025-09-16T00:24:17
================================================================================
[2025-09-16T00:25:18.271+0000] {manager.py:878} INFO - 
================================================================================
DAG File Processing Stats

File Path                                        PID  Runtime      # DAGs    # Errors  Last Runtime    Last Run
---------------------------------------------  -----  ---------  --------  ----------  --------------  -------------------
/opt/airflow/dags/aggregation_pipeline_dag.py    254  0.01s             0           1  0.15s           2025-09-16T00:24:48
================================================================================
[2025-09-16T00:25:48.544+0000] {manager.py:878} INFO - 
================================================================================
DAG File Processing Stats

File Path                                        PID  Runtime      # DAGs    # Errors  Last Runtime    Last Run
---------------------------------------------  -----  ---------  --------  ----------  --------------  -------------------
/opt/airflow/dags/aggregation_pipeline_dag.py    259  0.02s             0           1  0.20s           2025-09-16T00:25:18
================================================================================
[2025-09-16T00:26:18.779+0000] {manager.py:878} INFO - 
================================================================================
DAG File Processing Stats

File Path                                        PID  Runtime      # DAGs    # Errors  Last Runtime    Last Run
---------------------------------------------  -----  ---------  --------  ----------  --------------  -------------------
/opt/airflow/dags/aggregation_pipeline_dag.py    264  0.01s             0           1  0.19s           2025-09-16T00:25:48
================================================================================
[2025-09-16T00:26:49.056+0000] {manager.py:878} INFO - 
================================================================================
DAG File Processing Stats

File Path                                        PID  Runtime      # DAGs    # Errors  Last Runtime    Last Run
---------------------------------------------  -----  ---------  --------  ----------  --------------  -------------------
/opt/airflow/dags/aggregation_pipeline_dag.py    292  0.01s             0           1  0.20s           2025-09-16T00:26:18
================================================================================
[2025-09-16T00:27:15.286+0000] {manager.py:737} INFO - Searching for files in /opt/airflow/dags
[2025-09-16T00:27:15.298+0000] {manager.py:740} INFO - There are 1 files in /opt/airflow/dags
[2025-09-16T00:27:19.363+0000] {manager.py:878} INFO - 
================================================================================
DAG File Processing Stats

File Path                                        PID  Runtime      # DAGs    # Errors  Last Runtime    Last Run
---------------------------------------------  -----  ---------  --------  ----------  --------------  -------------------
/opt/airflow/dags/aggregation_pipeline_dag.py    315  0.01s             0           1  0.10s           2025-09-16T00:26:49
================================================================================
[2025-09-16T00:27:49.565+0000] {manager.py:878} INFO - 
================================================================================
DAG File Processing Stats

File Path                                        PID  Runtime      # DAGs    # Errors  Last Runtime    Last Run
---------------------------------------------  -----  ---------  --------  ----------  --------------  -------------------
/opt/airflow/dags/aggregation_pipeline_dag.py    336  0.01s             0           1  0.11s           2025-09-16T00:27:19
================================================================================
[2025-09-16T00:28:19.821+0000] {manager.py:878} INFO - 
================================================================================
DAG File Processing Stats

File Path                                      PID    Runtime      # DAGs    # Errors  Last Runtime    Last Run
---------------------------------------------  -----  ---------  --------  ----------  --------------  -------------------
/opt/airflow/dags/aggregation_pipeline_dag.py                           0           1  0.27s           2025-09-16T00:27:49
================================================================================
[2025-09-16T00:28:50.748+0000] {manager.py:878} INFO - 
================================================================================
DAG File Processing Stats

File Path                                        PID  Runtime      # DAGs    # Errors  Last Runtime    Last Run
---------------------------------------------  -----  ---------  --------  ----------  --------------  -------------------
/opt/airflow/dags/aggregation_pipeline_dag.py    368  0.01s             0           1  0.46s           2025-09-16T00:28:20
================================================================================
[2025-09-16T00:29:20.965+0000] {manager.py:878} INFO - 
================================================================================
DAG File Processing Stats

File Path                                        PID  Runtime      # DAGs    # Errors  Last Runtime    Last Run
---------------------------------------------  -----  ---------  --------  ----------  --------------  -------------------
/opt/airflow/dags/aggregation_pipeline_dag.py    373  0.00s             0           1  0.14s           2025-09-16T00:28:50
================================================================================
[2025-09-16T00:29:51.179+0000] {manager.py:878} INFO - 
================================================================================
DAG File Processing Stats

File Path                                        PID  Runtime      # DAGs    # Errors  Last Runtime    Last Run
---------------------------------------------  -----  ---------  --------  ----------  --------------  -------------------
/opt/airflow/dags/aggregation_pipeline_dag.py    378  0.00s             0           1  0.08s           2025-09-16T00:29:21
================================================================================
[2025-09-16T00:30:21.394+0000] {manager.py:878} INFO - 
================================================================================
DAG File Processing Stats

File Path                                        PID  Runtime      # DAGs    # Errors  Last Runtime    Last Run
---------------------------------------------  -----  ---------  --------  ----------  --------------  -------------------
/opt/airflow/dags/aggregation_pipeline_dag.py    383  0.00s             0           1  0.08s           2025-09-16T00:29:51
================================================================================
[2025-09-16T00:30:51.605+0000] {manager.py:878} INFO - 
================================================================================
DAG File Processing Stats

File Path                                        PID  Runtime      # DAGs    # Errors  Last Runtime    Last Run
---------------------------------------------  -----  ---------  --------  ----------  --------------  -------------------
/opt/airflow/dags/aggregation_pipeline_dag.py    388  0.00s             0           1  0.08s           2025-09-16T00:30:21
================================================================================
[2025-09-16T00:31:21.828+0000] {manager.py:878} INFO - 
================================================================================
DAG File Processing Stats

File Path                                        PID  Runtime      # DAGs    # Errors  Last Runtime    Last Run
---------------------------------------------  -----  ---------  --------  ----------  --------------  -------------------
/opt/airflow/dags/aggregation_pipeline_dag.py    393  0.00s             0           1  0.09s           2025-09-16T00:30:51
================================================================================
[2025-09-16T00:31:52.028+0000] {manager.py:878} INFO - 
================================================================================
DAG File Processing Stats

File Path                                        PID  Runtime      # DAGs    # Errors  Last Runtime    Last Run
---------------------------------------------  -----  ---------  --------  ----------  --------------  -------------------
/opt/airflow/dags/aggregation_pipeline_dag.py    398  0.00s             0           1  0.08s           2025-09-16T00:31:21
================================================================================
[2025-09-16T00:32:16.210+0000] {manager.py:737} INFO - Searching for files in /opt/airflow/dags
[2025-09-16T00:32:16.218+0000] {manager.py:740} INFO - There are 1 files in /opt/airflow/dags
[2025-09-16T00:32:22.280+0000] {manager.py:878} INFO - 
================================================================================
DAG File Processing Stats

File Path                                        PID  Runtime      # DAGs    # Errors  Last Runtime    Last Run
---------------------------------------------  -----  ---------  --------  ----------  --------------  -------------------
/opt/airflow/dags/aggregation_pipeline_dag.py    403  0.01s             0           1  0.08s           2025-09-16T00:31:52
================================================================================
[2025-09-16T00:32:52.513+0000] {manager.py:878} INFO - 
================================================================================
DAG File Processing Stats

File Path                                        PID  Runtime      # DAGs    # Errors  Last Runtime    Last Run
---------------------------------------------  -----  ---------  --------  ----------  --------------  -------------------
/opt/airflow/dags/aggregation_pipeline_dag.py    408  0.00s             0           1  0.10s           2025-09-16T00:32:22
================================================================================
[2025-09-16T00:33:22.799+0000] {manager.py:878} INFO - 
================================================================================
DAG File Processing Stats

File Path                                        PID  Runtime      # DAGs    # Errors  Last Runtime    Last Run
---------------------------------------------  -----  ---------  --------  ----------  --------------  -------------------
/opt/airflow/dags/aggregation_pipeline_dag.py    413  0.00s             0           1  0.08s           2025-09-16T00:32:52
================================================================================
[2025-09-16T00:33:34.440+0000] {manager.py:452} INFO - Exiting gracefully upon receiving signal 15
[2025-09-16T01:28:41.911+0000] {manager.py:470} INFO - Processing files using up to 2 processes at a time 
[2025-09-16T01:28:41.915+0000] {manager.py:471} INFO - Process each file at most once every 30 seconds
[2025-09-16T01:28:41.917+0000] {manager.py:472} INFO - Checking for new files in /opt/airflow/dags every 300 seconds
[2025-09-16T01:28:41.919+0000] {manager.py:737} INFO - Searching for files in /opt/airflow/dags
[2025-09-16T01:28:41.929+0000] {manager.py:740} INFO - There are 1 files in /opt/airflow/dags
[2025-09-16T01:28:42.052+0000] {manager.py:878} INFO - 
================================================================================
DAG File Processing Stats

File Path                                        PID  Runtime      # DAGs    # Errors  Last Runtime    Last Run
---------------------------------------------  -----  ---------  --------  ----------  --------------  ----------
/opt/airflow/dags/aggregation_pipeline_dag.py    167  0.06s             0           0
================================================================================
[2025-09-16T01:29:12.247+0000] {manager.py:878} INFO - 
================================================================================
DAG File Processing Stats

File Path                                        PID  Runtime      # DAGs    # Errors  Last Runtime    Last Run
---------------------------------------------  -----  ---------  --------  ----------  --------------  -------------------
/opt/airflow/dags/aggregation_pipeline_dag.py    173  0.00s             0           1  0.09s           2025-09-16T01:28:42
================================================================================
[2025-09-16T01:29:42.452+0000] {manager.py:878} INFO - 
================================================================================
DAG File Processing Stats

File Path                                        PID  Runtime      # DAGs    # Errors  Last Runtime    Last Run
---------------------------------------------  -----  ---------  --------  ----------  --------------  -------------------
/opt/airflow/dags/aggregation_pipeline_dag.py    178  0.01s             0           1  0.09s           2025-09-16T01:29:12
================================================================================
[2025-09-16T01:30:12.716+0000] {manager.py:878} INFO - 
================================================================================
DAG File Processing Stats

File Path                                        PID  Runtime      # DAGs    # Errors  Last Runtime    Last Run
---------------------------------------------  -----  ---------  --------  ----------  --------------  -------------------
/opt/airflow/dags/aggregation_pipeline_dag.py    183  0.01s             0           1  0.08s           2025-09-16T01:29:42
================================================================================
[2025-09-16T01:30:42.924+0000] {manager.py:878} INFO - 
================================================================================
DAG File Processing Stats

File Path                                        PID  Runtime      # DAGs    # Errors  Last Runtime    Last Run
---------------------------------------------  -----  ---------  --------  ----------  --------------  -------------------
/opt/airflow/dags/aggregation_pipeline_dag.py    188  0.01s             0           1  0.09s           2025-09-16T01:30:12
================================================================================
[2025-09-16T01:31:13.168+0000] {manager.py:878} INFO - 
================================================================================
DAG File Processing Stats

File Path                                        PID  Runtime      # DAGs    # Errors  Last Runtime    Last Run
---------------------------------------------  -----  ---------  --------  ----------  --------------  -------------------
/opt/airflow/dags/aggregation_pipeline_dag.py    193  0.01s             0           1  0.08s           2025-09-16T01:30:42
================================================================================
[2025-09-16T01:31:43.503+0000] {manager.py:878} INFO - 
================================================================================
DAG File Processing Stats

File Path                                        PID  Runtime      # DAGs    # Errors  Last Runtime    Last Run
---------------------------------------------  -----  ---------  --------  ----------  --------------  -------------------
/opt/airflow/dags/aggregation_pipeline_dag.py    198  0.01s             0           1  0.11s           2025-09-16T01:31:13
================================================================================
[2025-09-16T01:32:13.716+0000] {manager.py:878} INFO - 
================================================================================
DAG File Processing Stats

File Path                                        PID  Runtime      # DAGs    # Errors  Last Runtime    Last Run
---------------------------------------------  -----  ---------  --------  ----------  --------------  -------------------
/opt/airflow/dags/aggregation_pipeline_dag.py    203  0.01s             0           1  0.10s           2025-09-16T01:31:43
================================================================================
[2025-09-16T01:32:44.030+0000] {manager.py:878} INFO - 
================================================================================
DAG File Processing Stats

File Path                                        PID  Runtime      # DAGs    # Errors  Last Runtime    Last Run
---------------------------------------------  -----  ---------  --------  ----------  --------------  -------------------
/opt/airflow/dags/aggregation_pipeline_dag.py    208  0.02s             0           1  0.16s           2025-09-16T01:32:13
================================================================================
[2025-09-16T01:33:14.261+0000] {manager.py:878} INFO - 
================================================================================
DAG File Processing Stats

File Path                                        PID  Runtime      # DAGs    # Errors  Last Runtime    Last Run
---------------------------------------------  -----  ---------  --------  ----------  --------------  -------------------
/opt/airflow/dags/aggregation_pipeline_dag.py    213  0.00s             0           1  0.13s           2025-09-16T01:32:44
================================================================================
[2025-09-16T01:33:42.506+0000] {manager.py:737} INFO - Searching for files in /opt/airflow/dags
[2025-09-16T01:33:42.518+0000] {manager.py:740} INFO - There are 1 files in /opt/airflow/dags
[2025-09-16T01:33:44.567+0000] {manager.py:878} INFO - 
================================================================================
DAG File Processing Stats

File Path                                        PID  Runtime      # DAGs    # Errors  Last Runtime    Last Run
---------------------------------------------  -----  ---------  --------  ----------  --------------  -------------------
/opt/airflow/dags/aggregation_pipeline_dag.py    218  0.01s             0           1  0.08s           2025-09-16T01:33:14
================================================================================
[2025-09-16T01:34:14.798+0000] {manager.py:878} INFO - 
================================================================================
DAG File Processing Stats

File Path                                        PID  Runtime      # DAGs    # Errors  Last Runtime    Last Run
---------------------------------------------  -----  ---------  --------  ----------  --------------  -------------------
/opt/airflow/dags/aggregation_pipeline_dag.py    223  0.01s             0           1  0.09s           2025-09-16T01:33:44
================================================================================
[2025-09-16T01:34:45.382+0000] {manager.py:878} INFO - 
================================================================================
DAG File Processing Stats

File Path                                        PID  Runtime      # DAGs    # Errors  Last Runtime    Last Run
---------------------------------------------  -----  ---------  --------  ----------  --------------  -------------------
/opt/airflow/dags/aggregation_pipeline_dag.py    228  0.04s             0           1  0.09s           2025-09-16T01:34:14
================================================================================
[2025-09-16T01:35:15.610+0000] {manager.py:878} INFO - 
================================================================================
DAG File Processing Stats

File Path                                        PID  Runtime      # DAGs    # Errors  Last Runtime    Last Run
---------------------------------------------  -----  ---------  --------  ----------  --------------  -------------------
/opt/airflow/dags/aggregation_pipeline_dag.py    233  0.01s             0           1  0.17s           2025-09-16T01:34:45
================================================================================
[2025-09-16T01:35:45.939+0000] {manager.py:878} INFO - 
================================================================================
DAG File Processing Stats

File Path                                        PID  Runtime      # DAGs    # Errors  Last Runtime    Last Run
---------------------------------------------  -----  ---------  --------  ----------  --------------  -------------------
/opt/airflow/dags/aggregation_pipeline_dag.py    238  0.01s             0           1  0.10s           2025-09-16T01:35:15
================================================================================
[2025-09-16T01:36:16.126+0000] {manager.py:878} INFO - 
================================================================================
DAG File Processing Stats

File Path                                        PID  Runtime      # DAGs    # Errors  Last Runtime    Last Run
---------------------------------------------  -----  ---------  --------  ----------  --------------  -------------------
/opt/airflow/dags/aggregation_pipeline_dag.py    243  0.00s             0           1  0.10s           2025-09-16T01:35:46
================================================================================
[2025-09-16T01:36:46.395+0000] {manager.py:878} INFO - 
================================================================================
DAG File Processing Stats

File Path                                        PID  Runtime      # DAGs    # Errors  Last Runtime    Last Run
---------------------------------------------  -----  ---------  --------  ----------  --------------  -------------------
/opt/airflow/dags/aggregation_pipeline_dag.py    248  0.01s             0           1  0.08s           2025-09-16T01:36:16
================================================================================
[2025-09-16T01:37:16.601+0000] {manager.py:878} INFO - 
================================================================================
DAG File Processing Stats

File Path                                        PID  Runtime      # DAGs    # Errors  Last Runtime    Last Run
---------------------------------------------  -----  ---------  --------  ----------  --------------  -------------------
/opt/airflow/dags/aggregation_pipeline_dag.py    253  0.00s             0           1  0.08s           2025-09-16T01:36:46
================================================================================
[2025-09-16T01:37:46.813+0000] {manager.py:878} INFO - 
================================================================================
DAG File Processing Stats

File Path                                        PID  Runtime      # DAGs    # Errors  Last Runtime    Last Run
---------------------------------------------  -----  ---------  --------  ----------  --------------  -------------------
/opt/airflow/dags/aggregation_pipeline_dag.py    258  0.00s             0           1  0.08s           2025-09-16T01:37:16
================================================================================
[2025-09-16T01:38:17.093+0000] {manager.py:878} INFO - 
================================================================================
DAG File Processing Stats

File Path                                        PID  Runtime      # DAGs    # Errors  Last Runtime    Last Run
---------------------------------------------  -----  ---------  --------  ----------  --------------  -------------------
/opt/airflow/dags/aggregation_pipeline_dag.py    263  0.01s             0           1  0.09s           2025-09-16T01:37:46
================================================================================
[2025-09-16T01:38:43.264+0000] {manager.py:737} INFO - Searching for files in /opt/airflow/dags
[2025-09-16T01:38:43.285+0000] {manager.py:740} INFO - There are 1 files in /opt/airflow/dags
[2025-09-16T01:38:47.367+0000] {manager.py:878} INFO - 
================================================================================
DAG File Processing Stats

File Path                                        PID  Runtime      # DAGs    # Errors  Last Runtime    Last Run
---------------------------------------------  -----  ---------  --------  ----------  --------------  -------------------
/opt/airflow/dags/aggregation_pipeline_dag.py    268  0.01s             0           1  0.09s           2025-09-16T01:38:17
================================================================================
[2025-09-16T01:39:17.565+0000] {manager.py:878} INFO - 
================================================================================
DAG File Processing Stats

File Path                                        PID  Runtime      # DAGs    # Errors  Last Runtime    Last Run
---------------------------------------------  -----  ---------  --------  ----------  --------------  -------------------
/opt/airflow/dags/aggregation_pipeline_dag.py    273  0.00s             0           1  0.09s           2025-09-16T01:38:47
================================================================================
[2025-09-16T01:39:47.782+0000] {manager.py:878} INFO - 
================================================================================
DAG File Processing Stats

File Path                                        PID  Runtime      # DAGs    # Errors  Last Runtime    Last Run
---------------------------------------------  -----  ---------  --------  ----------  --------------  -------------------
/opt/airflow/dags/aggregation_pipeline_dag.py    278  0.01s             0           1  0.08s           2025-09-16T01:39:17
================================================================================
[2025-09-16T01:40:17.986+0000] {manager.py:878} INFO - 
================================================================================
DAG File Processing Stats

File Path                                        PID  Runtime      # DAGs    # Errors  Last Runtime    Last Run
---------------------------------------------  -----  ---------  --------  ----------  --------------  -------------------
/opt/airflow/dags/aggregation_pipeline_dag.py    283  0.00s             0           1  0.08s           2025-09-16T01:39:47
================================================================================
[2025-09-16T01:40:48.238+0000] {manager.py:878} INFO - 
================================================================================
DAG File Processing Stats

File Path                                        PID  Runtime      # DAGs    # Errors  Last Runtime    Last Run
---------------------------------------------  -----  ---------  --------  ----------  --------------  -------------------
/opt/airflow/dags/aggregation_pipeline_dag.py    288  0.00s             0           1  0.12s           2025-09-16T01:40:18
================================================================================
[2025-09-16T01:41:18.527+0000] {manager.py:878} INFO - 
================================================================================
DAG File Processing Stats

File Path                                        PID  Runtime      # DAGs    # Errors  Last Runtime    Last Run
---------------------------------------------  -----  ---------  --------  ----------  --------------  -------------------
/opt/airflow/dags/aggregation_pipeline_dag.py    293  0.01s             0           1  0.08s           2025-09-16T01:40:48
================================================================================
[2025-09-16T01:41:48.782+0000] {manager.py:878} INFO - 
================================================================================
DAG File Processing Stats

File Path                                        PID  Runtime      # DAGs    # Errors  Last Runtime    Last Run
---------------------------------------------  -----  ---------  --------  ----------  --------------  -------------------
/opt/airflow/dags/aggregation_pipeline_dag.py    298  0.01s             0           1  0.17s           2025-09-16T01:41:18
================================================================================
[2025-09-16T01:42:19.109+0000] {manager.py:878} INFO - 
================================================================================
DAG File Processing Stats

File Path                                        PID  Runtime      # DAGs    # Errors  Last Runtime    Last Run
---------------------------------------------  -----  ---------  --------  ----------  --------------  -------------------
/opt/airflow/dags/aggregation_pipeline_dag.py    303  0.01s             0           1  0.19s           2025-09-16T01:41:48
================================================================================
[2025-09-16T01:42:49.354+0000] {manager.py:878} INFO - 
================================================================================
DAG File Processing Stats

File Path                                        PID  Runtime      # DAGs    # Errors  Last Runtime    Last Run
---------------------------------------------  -----  ---------  --------  ----------  --------------  -------------------
/opt/airflow/dags/aggregation_pipeline_dag.py    308  0.01s             0           1  0.12s           2025-09-16T01:42:19
================================================================================
[2025-09-16T01:43:19.555+0000] {manager.py:878} INFO - 
================================================================================
DAG File Processing Stats

File Path                                        PID  Runtime      # DAGs    # Errors  Last Runtime    Last Run
---------------------------------------------  -----  ---------  --------  ----------  --------------  -------------------
/opt/airflow/dags/aggregation_pipeline_dag.py    313  0.00s             0           1  0.12s           2025-09-16T01:42:49
================================================================================
[2025-09-16T01:43:43.698+0000] {manager.py:737} INFO - Searching for files in /opt/airflow/dags
[2025-09-16T01:43:43.710+0000] {manager.py:740} INFO - There are 1 files in /opt/airflow/dags
[2025-09-16T01:43:49.784+0000] {manager.py:878} INFO - 
================================================================================
DAG File Processing Stats

File Path                                        PID  Runtime      # DAGs    # Errors  Last Runtime    Last Run
---------------------------------------------  -----  ---------  --------  ----------  --------------  -------------------
/opt/airflow/dags/aggregation_pipeline_dag.py    318  0.00s             0           1  0.09s           2025-09-16T01:43:19
================================================================================
[2025-09-16T01:44:19.994+0000] {manager.py:878} INFO - 
================================================================================
DAG File Processing Stats

File Path                                        PID  Runtime      # DAGs    # Errors  Last Runtime    Last Run
---------------------------------------------  -----  ---------  --------  ----------  --------------  -------------------
/opt/airflow/dags/aggregation_pipeline_dag.py    323  0.01s             0           1  0.08s           2025-09-16T01:43:49
================================================================================
[2025-09-16T01:44:50.226+0000] {manager.py:878} INFO - 
================================================================================
DAG File Processing Stats

File Path                                        PID  Runtime      # DAGs    # Errors  Last Runtime    Last Run
---------------------------------------------  -----  ---------  --------  ----------  --------------  -------------------
/opt/airflow/dags/aggregation_pipeline_dag.py    328  0.01s             0           1  0.11s           2025-09-16T01:44:20
================================================================================
[2025-09-16T01:45:20.459+0000] {manager.py:878} INFO - 
================================================================================
DAG File Processing Stats

File Path                                        PID  Runtime      # DAGs    # Errors  Last Runtime    Last Run
---------------------------------------------  -----  ---------  --------  ----------  --------------  -------------------
/opt/airflow/dags/aggregation_pipeline_dag.py    333  0.01s             0           1  0.08s           2025-09-16T01:44:50
================================================================================
[2025-09-16T01:45:50.659+0000] {manager.py:878} INFO - 
================================================================================
DAG File Processing Stats

File Path                                        PID  Runtime      # DAGs    # Errors  Last Runtime    Last Run
---------------------------------------------  -----  ---------  --------  ----------  --------------  -------------------
/opt/airflow/dags/aggregation_pipeline_dag.py    338  0.00s             0           1  0.08s           2025-09-16T01:45:20
================================================================================
[2025-09-16T01:46:20.867+0000] {manager.py:878} INFO - 
================================================================================
DAG File Processing Stats

File Path                                        PID  Runtime      # DAGs    # Errors  Last Runtime    Last Run
---------------------------------------------  -----  ---------  --------  ----------  --------------  -------------------
/opt/airflow/dags/aggregation_pipeline_dag.py    343  0.00s             0           1  0.08s           2025-09-16T01:45:50
================================================================================
[2025-09-16T01:46:51.087+0000] {manager.py:878} INFO - 
================================================================================
DAG File Processing Stats

File Path                                        PID  Runtime      # DAGs    # Errors  Last Runtime    Last Run
---------------------------------------------  -----  ---------  --------  ----------  --------------  -------------------
/opt/airflow/dags/aggregation_pipeline_dag.py    348  0.00s             0           1  0.07s           2025-09-16T01:46:20
================================================================================
[2025-09-16T01:47:21.295+0000] {manager.py:878} INFO - 
================================================================================
DAG File Processing Stats

File Path                                        PID  Runtime      # DAGs    # Errors  Last Runtime    Last Run
---------------------------------------------  -----  ---------  --------  ----------  --------------  -------------------
/opt/airflow/dags/aggregation_pipeline_dag.py    353  0.00s             0           1  0.08s           2025-09-16T01:46:51
================================================================================
[2025-09-16T01:47:51.523+0000] {manager.py:878} INFO - 
================================================================================
DAG File Processing Stats

File Path                                        PID  Runtime      # DAGs    # Errors  Last Runtime    Last Run
---------------------------------------------  -----  ---------  --------  ----------  --------------  -------------------
/opt/airflow/dags/aggregation_pipeline_dag.py    358  0.00s             0           1  0.08s           2025-09-16T01:47:21
================================================================================
[2025-09-16T01:48:21.721+0000] {manager.py:878} INFO - 
================================================================================
DAG File Processing Stats

File Path                                        PID  Runtime      # DAGs    # Errors  Last Runtime    Last Run
---------------------------------------------  -----  ---------  --------  ----------  --------------  -------------------
/opt/airflow/dags/aggregation_pipeline_dag.py    363  0.00s             0           1  0.08s           2025-09-16T01:47:51
================================================================================
[2025-09-16T01:48:43.885+0000] {manager.py:737} INFO - Searching for files in /opt/airflow/dags
[2025-09-16T01:48:43.896+0000] {manager.py:740} INFO - There are 1 files in /opt/airflow/dags
[2025-09-16T01:48:51.968+0000] {manager.py:878} INFO - 
================================================================================
DAG File Processing Stats

File Path                                        PID  Runtime      # DAGs    # Errors  Last Runtime    Last Run
---------------------------------------------  -----  ---------  --------  ----------  --------------  -------------------
/opt/airflow/dags/aggregation_pipeline_dag.py    368  0.00s             0           1  0.07s           2025-09-16T01:48:21
================================================================================
[2025-09-16T01:49:22.170+0000] {manager.py:878} INFO - 
================================================================================
DAG File Processing Stats

File Path                                        PID  Runtime      # DAGs    # Errors  Last Runtime    Last Run
---------------------------------------------  -----  ---------  --------  ----------  --------------  -------------------
/opt/airflow/dags/aggregation_pipeline_dag.py    373  0.00s             0           1  0.09s           2025-09-16T01:48:52
================================================================================
[2025-09-16T01:49:52.400+0000] {manager.py:878} INFO - 
================================================================================
DAG File Processing Stats

File Path                                        PID  Runtime      # DAGs    # Errors  Last Runtime    Last Run
---------------------------------------------  -----  ---------  --------  ----------  --------------  -------------------
/opt/airflow/dags/aggregation_pipeline_dag.py    378  0.00s             0           1  0.08s           2025-09-16T01:49:22
================================================================================
[2025-09-16T01:50:22.634+0000] {manager.py:878} INFO - 
================================================================================
DAG File Processing Stats

File Path                                        PID  Runtime      # DAGs    # Errors  Last Runtime    Last Run
---------------------------------------------  -----  ---------  --------  ----------  --------------  -------------------
/opt/airflow/dags/aggregation_pipeline_dag.py    383  0.00s             0           1  0.08s           2025-09-16T01:49:52
================================================================================
[2025-09-16T01:50:52.834+0000] {manager.py:878} INFO - 
================================================================================
DAG File Processing Stats

File Path                                        PID  Runtime      # DAGs    # Errors  Last Runtime    Last Run
---------------------------------------------  -----  ---------  --------  ----------  --------------  -------------------
/opt/airflow/dags/aggregation_pipeline_dag.py    388  0.00s             0           1  0.08s           2025-09-16T01:50:22
================================================================================
[2025-09-16T01:51:23.067+0000] {manager.py:878} INFO - 
================================================================================
DAG File Processing Stats

File Path                                        PID  Runtime      # DAGs    # Errors  Last Runtime    Last Run
---------------------------------------------  -----  ---------  --------  ----------  --------------  -------------------
/opt/airflow/dags/aggregation_pipeline_dag.py    393  0.00s             0           1  0.08s           2025-09-16T01:50:52
================================================================================
[2025-09-16T01:51:53.274+0000] {manager.py:878} INFO - 
================================================================================
DAG File Processing Stats

File Path                                        PID  Runtime      # DAGs    # Errors  Last Runtime    Last Run
---------------------------------------------  -----  ---------  --------  ----------  --------------  -------------------
/opt/airflow/dags/aggregation_pipeline_dag.py    398  0.00s             0           1  0.07s           2025-09-16T01:51:23
================================================================================
[2025-09-16T01:52:23.487+0000] {manager.py:878} INFO - 
================================================================================
DAG File Processing Stats

File Path                                        PID  Runtime      # DAGs    # Errors  Last Runtime    Last Run
---------------------------------------------  -----  ---------  --------  ----------  --------------  -------------------
/opt/airflow/dags/aggregation_pipeline_dag.py    403  0.00s             0           1  0.08s           2025-09-16T01:51:53
================================================================================
[2025-09-16T01:52:53.698+0000] {manager.py:878} INFO - 
================================================================================
DAG File Processing Stats

File Path                                        PID  Runtime      # DAGs    # Errors  Last Runtime    Last Run
---------------------------------------------  -----  ---------  --------  ----------  --------------  -------------------
/opt/airflow/dags/aggregation_pipeline_dag.py    408  0.00s             0           1  0.08s           2025-09-16T01:52:23
================================================================================
[2025-09-16T01:53:23.961+0000] {manager.py:878} INFO - 
================================================================================
DAG File Processing Stats

File Path                                        PID  Runtime      # DAGs    # Errors  Last Runtime    Last Run
---------------------------------------------  -----  ---------  --------  ----------  --------------  -------------------
/opt/airflow/dags/aggregation_pipeline_dag.py    413  0.01s             0           1  0.08s           2025-09-16T01:52:53
================================================================================
[2025-09-16T01:53:44.091+0000] {manager.py:737} INFO - Searching for files in /opt/airflow/dags
[2025-09-16T01:53:44.100+0000] {manager.py:740} INFO - There are 1 files in /opt/airflow/dags
[2025-09-16T01:53:54.182+0000] {manager.py:878} INFO - 
================================================================================
DAG File Processing Stats

File Path                                        PID  Runtime      # DAGs    # Errors  Last Runtime    Last Run
---------------------------------------------  -----  ---------  --------  ----------  --------------  -------------------
/opt/airflow/dags/aggregation_pipeline_dag.py    418  0.00s             0           1  0.18s           2025-09-16T01:53:24
================================================================================
[2025-09-16T01:54:24.429+0000] {manager.py:878} INFO - 
================================================================================
DAG File Processing Stats

File Path                                        PID  Runtime      # DAGs    # Errors  Last Runtime    Last Run
---------------------------------------------  -----  ---------  --------  ----------  --------------  -------------------
/opt/airflow/dags/aggregation_pipeline_dag.py    423  0.01s             0           1  0.08s           2025-09-16T01:53:54
================================================================================
[2025-09-16T01:54:54.881+0000] {manager.py:878} INFO - 
================================================================================
DAG File Processing Stats

File Path                                        PID  Runtime      # DAGs    # Errors  Last Runtime    Last Run
---------------------------------------------  -----  ---------  --------  ----------  --------------  -------------------
/opt/airflow/dags/aggregation_pipeline_dag.py    428  0.00s             0           1  0.19s           2025-09-16T01:54:24
================================================================================
[2025-09-16T01:55:25.083+0000] {manager.py:878} INFO - 
================================================================================
DAG File Processing Stats

File Path                                        PID  Runtime      # DAGs    # Errors  Last Runtime    Last Run
---------------------------------------------  -----  ---------  --------  ----------  --------------  -------------------
/opt/airflow/dags/aggregation_pipeline_dag.py    433  0.00s             0           1  0.13s           2025-09-16T01:54:55
================================================================================
[2025-09-16T01:55:55.346+0000] {manager.py:878} INFO - 
================================================================================
DAG File Processing Stats

File Path                                        PID  Runtime      # DAGs    # Errors  Last Runtime    Last Run
---------------------------------------------  -----  ---------  --------  ----------  --------------  -------------------
/opt/airflow/dags/aggregation_pipeline_dag.py    438  0.01s             0           1  0.09s           2025-09-16T01:55:25
================================================================================
[2025-09-16T01:56:13.974+0000] {manager.py:452} INFO - Exiting gracefully upon receiving signal 15
